2019-06-29 19:16:39.156  INFO 8148 --- [restartedMain] com.wg.demo.MybatisApplication           : Starting MybatisApplication on SKY-20181007TQW with PID 8148 (E:\3.git_workspace\Mybatis_demo\mybatis-demo\target\classes started by Administrator in E:\3.git_workspace\Mybatis_demo\mybatis-demo)
2019-06-29 19:16:39.159 DEBUG 8148 --- [restartedMain] com.wg.demo.MybatisApplication           : Running with Spring Boot v2.1.2.RELEASE, Spring v5.1.4.RELEASE
2019-06-29 19:16:39.160  INFO 8148 --- [restartedMain] com.wg.demo.MybatisApplication           : No active profile set, falling back to default profiles: default
2019-06-29 19:16:39.264  INFO 8148 --- [restartedMain] .e.DevToolsPropertyDefaultsPostProcessor : Devtools property defaults active! Set 'spring.devtools.add-properties' to 'false' to disable
2019-06-29 19:16:39.265  INFO 8148 --- [restartedMain] .e.DevToolsPropertyDefaultsPostProcessor : For additional web related logging consider setting the 'logging.level.web' property to 'DEBUG'
2019-06-29 19:16:40.822  INFO 8148 --- [restartedMain] trationDelegate$BeanPostProcessorChecker : Bean 'org.springframework.transaction.annotation.ProxyTransactionManagementConfiguration' of type [org.springframework.transaction.annotation.ProxyTransactionManagementConfiguration$$EnhancerBySpringCGLIB$$10868f2b] is not eligible for getting processed by all BeanPostProcessors (for example: not eligible for auto-proxying)
2019-06-29 19:16:41.679  INFO 8148 --- [restartedMain] o.s.b.w.embedded.tomcat.TomcatWebServer  : Tomcat initialized with port(s): 9292 (http)
2019-06-29 19:16:41.703  INFO 8148 --- [restartedMain] o.apache.catalina.core.StandardService   : Starting service [Tomcat]
2019-06-29 19:16:41.704  INFO 8148 --- [restartedMain] org.apache.catalina.core.StandardEngine  : Starting Servlet engine: [Apache Tomcat/9.0.14]
2019-06-29 19:16:41.711  INFO 8148 --- [restartedMain] o.a.catalina.core.AprLifecycleListener   : An older version [1.2.17] of the APR based Apache Tomcat Native library is installed, while Tomcat recommends a minimum version of [1.2.19]
2019-06-29 19:16:41.711  INFO 8148 --- [restartedMain] o.a.catalina.core.AprLifecycleListener   : Loaded APR based Apache Tomcat Native library [1.2.17] using APR version [1.6.3].
2019-06-29 19:16:41.712  INFO 8148 --- [restartedMain] o.a.catalina.core.AprLifecycleListener   : APR capabilities: IPv6 [true], sendfile [true], accept filters [false], random [true].
2019-06-29 19:16:41.712  INFO 8148 --- [restartedMain] o.a.catalina.core.AprLifecycleListener   : APR/OpenSSL configuration: useAprConnector [false], useOpenSSL [true]
2019-06-29 19:16:42.765  INFO 8148 --- [restartedMain] o.a.catalina.core.AprLifecycleListener   : OpenSSL successfully initialized [OpenSSL 1.0.2o  27 Mar 2018]
2019-06-29 19:16:43.078  INFO 8148 --- [restartedMain] o.a.c.c.C.[.[localhost].[/mybatis]       : Initializing Spring embedded WebApplicationContext
2019-06-29 19:16:43.078  INFO 8148 --- [restartedMain] o.s.web.context.ContextLoader            : Root WebApplicationContext: initialization completed in 3813 ms
2019-06-29 19:16:45.845  INFO 8148 --- [restartedMain] o.s.s.concurrent.ThreadPoolTaskExecutor  : Initializing ExecutorService 'applicationTaskExecutor'
2019-06-29 19:16:46.319  INFO 8148 --- [restartedMain] o.s.b.d.a.OptionalLiveReloadServer       : LiveReload server is running on port 35729
2019-06-29 19:16:46.611  WARN 8148 --- [restartedMain] ion$DefaultTemplateResolverConfiguration : Cannot find template location: classpath:/templates/ (please add some templates or check your Thymeleaf configuration)
2019-06-29 19:16:47.741  INFO 8148 --- [restartedMain] d.s.w.p.DocumentationPluginsBootstrapper : Context refreshed
2019-06-29 19:16:47.777  INFO 8148 --- [restartedMain] d.s.w.p.DocumentationPluginsBootstrapper : Found 1 custom documentation plugin(s)
2019-06-29 19:16:47.801  INFO 8148 --- [restartedMain] s.d.s.w.s.ApiListingReferenceScanner     : Scanning for api listing references
2019-06-29 19:16:48.513  INFO 8148 --- [restartedMain] o.s.b.w.embedded.tomcat.TomcatWebServer  : Tomcat started on port(s): 9292 (http) with context path '/mybatis'
2019-06-29 19:16:48.546  INFO 8148 --- [restartedMain] com.wg.demo.MybatisApplication           : Started MybatisApplication in 9.857 seconds (JVM running for 12.21)
2019-06-29 19:17:20.807  INFO 8148 --- [http-nio-9292-exec-3] o.a.c.c.C.[.[localhost].[/mybatis]       : Initializing Spring DispatcherServlet 'dispatcherServlet'
2019-06-29 19:17:20.807  INFO 8148 --- [http-nio-9292-exec-3] o.s.web.servlet.DispatcherServlet        : Initializing Servlet 'dispatcherServlet'
2019-06-29 19:17:20.832  INFO 8148 --- [http-nio-9292-exec-3] o.s.web.servlet.DispatcherServlet        : Completed initialization in 25 ms
2019-06-29 19:24:20.871  INFO 8148 --- [http-nio-9292-exec-8] com.wg.demo.common.aop.LogAspect         : Request : {url='http://localhost:9292/mybatis/dept/new', ip='0:0:0:0:0:0:0:1', classMethod='com.wg.demo.controller.DepartmentController.newDepartment', args=[com.wg.demo.po.Department@650d41b0]}
2019-06-29 19:24:20.871  INFO 8148 --- [http-nio-9292-exec-8] com.wg.demo.common.aop.LogAspect         : request Param: [com.wg.demo.po.Department@650d41b0]
2019-06-29 19:24:20.900  INFO 8148 --- [http-nio-9292-exec-8] com.zaxxer.hikari.HikariDataSource       : HikariPool-1 - Starting...
2019-06-29 19:24:22.061 ERROR 8148 --- [http-nio-9292-exec-8] com.zaxxer.hikari.pool.HikariPool        : HikariPool-1 - Exception during pool initialization.

java.sql.SQLException: Access denied for user 'root'@'localhost' (using password: YES)
	at com.mysql.cj.jdbc.exceptions.SQLError.createSQLException(SQLError.java:129)
	at com.mysql.cj.jdbc.exceptions.SQLError.createSQLException(SQLError.java:97)
	at com.mysql.cj.jdbc.exceptions.SQLExceptionsMapping.translateException(SQLExceptionsMapping.java:122)
	at com.mysql.cj.jdbc.ConnectionImpl.createNewIO(ConnectionImpl.java:835)
	at com.mysql.cj.jdbc.ConnectionImpl.<init>(ConnectionImpl.java:455)
	at com.mysql.cj.jdbc.ConnectionImpl.getInstance(ConnectionImpl.java:240)
	at com.mysql.cj.jdbc.NonRegisteringDriver.connect(NonRegisteringDriver.java:207)
	at com.zaxxer.hikari.util.DriverDataSource.getConnection(DriverDataSource.java:136)
	at com.zaxxer.hikari.pool.PoolBase.newConnection(PoolBase.java:369)
	at com.zaxxer.hikari.pool.PoolBase.newPoolEntry(PoolBase.java:198)
	at com.zaxxer.hikari.pool.HikariPool.createPoolEntry(HikariPool.java:467)
	at com.zaxxer.hikari.pool.HikariPool.checkFailFast(HikariPool.java:541)
	at com.zaxxer.hikari.pool.HikariPool.<init>(HikariPool.java:115)
	at com.zaxxer.hikari.HikariDataSource.getConnection(HikariDataSource.java:112)
	at org.springframework.jdbc.datasource.DataSourceUtils.fetchConnection(DataSourceUtils.java:157)
	at org.springframework.jdbc.datasource.DataSourceUtils.doGetConnection(DataSourceUtils.java:115)
	at org.springframework.jdbc.datasource.DataSourceUtils.getConnection(DataSourceUtils.java:78)
	at org.mybatis.spring.transaction.SpringManagedTransaction.openConnection(SpringManagedTransaction.java:82)
	at org.mybatis.spring.transaction.SpringManagedTransaction.getConnection(SpringManagedTransaction.java:68)
	at org.apache.ibatis.executor.BaseExecutor.getConnection(BaseExecutor.java:336)
	at org.apache.ibatis.executor.SimpleExecutor.prepareStatement(SimpleExecutor.java:85)
	at org.apache.ibatis.executor.SimpleExecutor.doUpdate(SimpleExecutor.java:49)
	at org.apache.ibatis.executor.BaseExecutor.update(BaseExecutor.java:117)
	at org.apache.ibatis.executor.CachingExecutor.update(CachingExecutor.java:76)
	at sun.reflect.NativeMethodAccessorImpl.invoke0(Native Method)
	at sun.reflect.NativeMethodAccessorImpl.invoke(NativeMethodAccessorImpl.java:62)
	at sun.reflect.DelegatingMethodAccessorImpl.invoke(DelegatingMethodAccessorImpl.java:43)
	at java.lang.reflect.Method.invoke(Method.java:498)
	at org.apache.ibatis.plugin.Plugin.invoke(Plugin.java:63)
	at com.sun.proxy.$Proxy136.update(Unknown Source)
	at org.apache.ibatis.session.defaults.DefaultSqlSession.update(DefaultSqlSession.java:198)
	at org.apache.ibatis.session.defaults.DefaultSqlSession.insert(DefaultSqlSession.java:185)
	at sun.reflect.NativeMethodAccessorImpl.invoke0(Native Method)
	at sun.reflect.NativeMethodAccessorImpl.invoke(NativeMethodAccessorImpl.java:62)
	at sun.reflect.DelegatingMethodAccessorImpl.invoke(DelegatingMethodAccessorImpl.java:43)
	at java.lang.reflect.Method.invoke(Method.java:498)
	at org.mybatis.spring.SqlSessionTemplate$SqlSessionInterceptor.invoke(SqlSessionTemplate.java:433)
	at com.sun.proxy.$Proxy94.insert(Unknown Source)
	at org.mybatis.spring.SqlSessionTemplate.insert(SqlSessionTemplate.java:278)
	at org.apache.ibatis.binding.MapperMethod.execute(MapperMethod.java:59)
	at org.apache.ibatis.binding.MapperProxy.invoke(MapperProxy.java:58)
	at com.sun.proxy.$Proxy95.insertAutoId(Unknown Source)
	at com.wg.demo.service.DepartmentService.insertDept(DepartmentService.java:22)
	at com.wg.demo.controller.DepartmentController.newDepartment(DepartmentController.java:34)
	at com.wg.demo.controller.DepartmentController$$FastClassBySpringCGLIB$$b72220a6.invoke(<generated>)
	at org.springframework.cglib.proxy.MethodProxy.invoke(MethodProxy.java:218)
	at org.springframework.aop.framework.CglibAopProxy$CglibMethodInvocation.invokeJoinpoint(CglibAopProxy.java:749)
	at org.springframework.aop.framework.ReflectiveMethodInvocation.proceed(ReflectiveMethodInvocation.java:163)
	at org.springframework.aop.framework.adapter.MethodBeforeAdviceInterceptor.invoke(MethodBeforeAdviceInterceptor.java:56)
	at org.springframework.aop.framework.ReflectiveMethodInvocation.proceed(ReflectiveMethodInvocation.java:186)
	at org.springframework.aop.aspectj.AspectJAfterAdvice.invoke(AspectJAfterAdvice.java:47)
	at org.springframework.aop.framework.ReflectiveMethodInvocation.proceed(ReflectiveMethodInvocation.java:186)
	at org.springframework.aop.framework.adapter.AfterReturningAdviceInterceptor.invoke(AfterReturningAdviceInterceptor.java:55)
	at org.springframework.aop.framework.ReflectiveMethodInvocation.proceed(ReflectiveMethodInvocation.java:186)
	at org.springframework.aop.framework.adapter.MethodBeforeAdviceInterceptor.invoke(MethodBeforeAdviceInterceptor.java:56)
	at org.springframework.aop.framework.ReflectiveMethodInvocation.proceed(ReflectiveMethodInvocation.java:186)
	at org.springframework.aop.aspectj.AspectJAfterAdvice.invoke(AspectJAfterAdvice.java:47)
	at org.springframework.aop.framework.ReflectiveMethodInvocation.proceed(ReflectiveMethodInvocation.java:186)
	at org.springframework.aop.framework.adapter.AfterReturningAdviceInterceptor.invoke(AfterReturningAdviceInterceptor.java:55)
	at org.springframework.aop.framework.ReflectiveMethodInvocation.proceed(ReflectiveMethodInvocation.java:186)
	at org.springframework.aop.aspectj.AspectJAfterThrowingAdvice.invoke(AspectJAfterThrowingAdvice.java:62)
	at org.springframework.aop.framework.ReflectiveMethodInvocation.proceed(ReflectiveMethodInvocation.java:186)
	at org.springframework.aop.interceptor.ExposeInvocationInterceptor.invoke(ExposeInvocationInterceptor.java:93)
	at org.springframework.aop.framework.ReflectiveMethodInvocation.proceed(ReflectiveMethodInvocation.java:186)
	at org.springframework.aop.framework.CglibAopProxy$DynamicAdvisedInterceptor.intercept(CglibAopProxy.java:688)
	at com.wg.demo.controller.DepartmentController$$EnhancerBySpringCGLIB$$52eee77f.newDepartment(<generated>)
	at sun.reflect.NativeMethodAccessorImpl.invoke0(Native Method)
	at sun.reflect.NativeMethodAccessorImpl.invoke(NativeMethodAccessorImpl.java:62)
	at sun.reflect.DelegatingMethodAccessorImpl.invoke(DelegatingMethodAccessorImpl.java:43)
	at java.lang.reflect.Method.invoke(Method.java:498)
	at org.springframework.web.method.support.InvocableHandlerMethod.doInvoke(InvocableHandlerMethod.java:189)
	at org.springframework.web.method.support.InvocableHandlerMethod.invokeForRequest(InvocableHandlerMethod.java:138)
	at org.springframework.web.servlet.mvc.method.annotation.ServletInvocableHandlerMethod.invokeAndHandle(ServletInvocableHandlerMethod.java:102)
	at org.springframework.web.servlet.mvc.method.annotation.RequestMappingHandlerAdapter.invokeHandlerMethod(RequestMappingHandlerAdapter.java:895)
	at org.springframework.web.servlet.mvc.method.annotation.RequestMappingHandlerAdapter.handleInternal(RequestMappingHandlerAdapter.java:800)
	at org.springframework.web.servlet.mvc.method.AbstractHandlerMethodAdapter.handle(AbstractHandlerMethodAdapter.java:87)
	at org.springframework.web.servlet.DispatcherServlet.doDispatch(DispatcherServlet.java:1038)
	at org.springframework.web.servlet.DispatcherServlet.doService(DispatcherServlet.java:942)
	at org.springframework.web.servlet.FrameworkServlet.processRequest(FrameworkServlet.java:1005)
	at org.springframework.web.servlet.FrameworkServlet.doPost(FrameworkServlet.java:908)
	at javax.servlet.http.HttpServlet.service(HttpServlet.java:660)
	at org.springframework.web.servlet.FrameworkServlet.service(FrameworkServlet.java:882)
	at javax.servlet.http.HttpServlet.service(HttpServlet.java:741)
	at org.apache.catalina.core.ApplicationFilterChain.internalDoFilter(ApplicationFilterChain.java:231)
	at org.apache.catalina.core.ApplicationFilterChain.doFilter(ApplicationFilterChain.java:166)
	at org.apache.tomcat.websocket.server.WsFilter.doFilter(WsFilter.java:53)
	at org.apache.catalina.core.ApplicationFilterChain.internalDoFilter(ApplicationFilterChain.java:193)
	at org.apache.catalina.core.ApplicationFilterChain.doFilter(ApplicationFilterChain.java:166)
	at org.springframework.web.filter.RequestContextFilter.doFilterInternal(RequestContextFilter.java:99)
	at org.springframework.web.filter.OncePerRequestFilter.doFilter(OncePerRequestFilter.java:107)
	at org.apache.catalina.core.ApplicationFilterChain.internalDoFilter(ApplicationFilterChain.java:193)
	at org.apache.catalina.core.ApplicationFilterChain.doFilter(ApplicationFilterChain.java:166)
	at org.springframework.web.filter.FormContentFilter.doFilterInternal(FormContentFilter.java:92)
	at org.springframework.web.filter.OncePerRequestFilter.doFilter(OncePerRequestFilter.java:107)
	at org.apache.catalina.core.ApplicationFilterChain.internalDoFilter(ApplicationFilterChain.java:193)
	at org.apache.catalina.core.ApplicationFilterChain.doFilter(ApplicationFilterChain.java:166)
	at org.springframework.web.filter.HiddenHttpMethodFilter.doFilterInternal(HiddenHttpMethodFilter.java:93)
	at org.springframework.web.filter.OncePerRequestFilter.doFilter(OncePerRequestFilter.java:107)
	at org.apache.catalina.core.ApplicationFilterChain.internalDoFilter(ApplicationFilterChain.java:193)
	at org.apache.catalina.core.ApplicationFilterChain.doFilter(ApplicationFilterChain.java:166)
	at org.springframework.web.filter.CharacterEncodingFilter.doFilterInternal(CharacterEncodingFilter.java:200)
	at org.springframework.web.filter.OncePerRequestFilter.doFilter(OncePerRequestFilter.java:107)
	at org.apache.catalina.core.ApplicationFilterChain.internalDoFilter(ApplicationFilterChain.java:193)
	at org.apache.catalina.core.ApplicationFilterChain.doFilter(ApplicationFilterChain.java:166)
	at org.apache.catalina.core.StandardWrapperValve.invoke(StandardWrapperValve.java:199)
	at org.apache.catalina.core.StandardContextValve.invoke(StandardContextValve.java:96)
	at org.apache.catalina.authenticator.AuthenticatorBase.invoke(AuthenticatorBase.java:490)
	at org.apache.catalina.core.StandardHostValve.invoke(StandardHostValve.java:139)
	at org.apache.catalina.valves.ErrorReportValve.invoke(ErrorReportValve.java:92)
	at org.apache.catalina.core.StandardEngineValve.invoke(StandardEngineValve.java:74)
	at org.apache.catalina.connector.CoyoteAdapter.service(CoyoteAdapter.java:343)
	at org.apache.coyote.http11.Http11Processor.service(Http11Processor.java:408)
	at org.apache.coyote.AbstractProcessorLight.process(AbstractProcessorLight.java:66)
	at org.apache.coyote.AbstractProtocol$ConnectionHandler.process(AbstractProtocol.java:834)
	at org.apache.tomcat.util.net.NioEndpoint$SocketProcessor.doRun(NioEndpoint.java:1417)
	at org.apache.tomcat.util.net.SocketProcessorBase.run(SocketProcessorBase.java:49)
	at java.util.concurrent.ThreadPoolExecutor.runWorker(ThreadPoolExecutor.java:1142)
	at java.util.concurrent.ThreadPoolExecutor$Worker.run(ThreadPoolExecutor.java:617)
	at org.apache.tomcat.util.threads.TaskThread$WrappingRunnable.run(TaskThread.java:61)
	at java.lang.Thread.run(Thread.java:748)

2019-06-29 19:24:22.076  INFO 8148 --- [http-nio-9292-exec-8] com.wg.demo.common.aop.HttpAspect        : 方法异常时执行.....nested exception is org.apache.ibatis.exceptions.PersistenceException: 
### Error updating database.  Cause: org.springframework.jdbc.CannotGetJdbcConnectionException: Failed to obtain JDBC Connection; nested exception is java.sql.SQLException: Access denied for user 'root'@'localhost' (using password: YES)
### The error may exist in file [E:\3.git_workspace\Mybatis_demo\mybatis-demo\target\classes\mapper\DepartmentMapper.xml]
### The error may involve com.wg.demo.dao.DepartmentMapper.insertAutoId
### The error occurred while executing an update
### Cause: org.springframework.jdbc.CannotGetJdbcConnectionException: Failed to obtain JDBC Connection; nested exception is java.sql.SQLException: Access denied for user 'root'@'localhost' (using password: YES)
2019-06-29 19:24:22.079  INFO 8148 --- [http-nio-9292-exec-8] c.w.d.c.e.GlobalExceptionHandler         : nested exception is org.apache.ibatis.exceptions.PersistenceException: 
### Error updating database.  Cause: org.springframework.jdbc.CannotGetJdbcConnectionException: Failed to obtain JDBC Connection; nested exception is java.sql.SQLException: Access denied for user 'root'@'localhost' (using password: YES)
### The error may exist in file [E:\3.git_workspace\Mybatis_demo\mybatis-demo\target\classes\mapper\DepartmentMapper.xml]
### The error may involve com.wg.demo.dao.DepartmentMapper.insertAutoId
### The error occurred while executing an update
### Cause: org.springframework.jdbc.CannotGetJdbcConnectionException: Failed to obtain JDBC Connection; nested exception is java.sql.SQLException: Access denied for user 'root'@'localhost' (using password: YES)
2019-06-29 19:24:22.096  WARN 8148 --- [http-nio-9292-exec-8] .m.m.a.ExceptionHandlerExceptionResolver : Resolved [org.mybatis.spring.MyBatisSystemException: nested exception is org.apache.ibatis.exceptions.PersistenceException: 
### Error updating database.  Cause: org.springframework.jdbc.CannotGetJdbcConnectionException: Failed to obtain JDBC Connection; nested exception is java.sql.SQLException: Access denied for user 'root'@'localhost' (using password: YES)
### The error may exist in file [E:\3.git_workspace\Mybatis_demo\mybatis-demo\target\classes\mapper\DepartmentMapper.xml]
### The error may involve com.wg.demo.dao.DepartmentMapper.insertAutoId
### The error occurred while executing an update
### Cause: org.springframework.jdbc.CannotGetJdbcConnectionException: Failed to obtain JDBC Connection; nested exception is java.sql.SQLException: Access denied for user 'root'@'localhost' (using password: YES)]
2019-06-29 19:26:46.073  INFO 9116 --- [restartedMain] com.wg.demo.MybatisApplication           : Starting MybatisApplication on SKY-20181007TQW with PID 9116 (E:\3.git_workspace\Mybatis_demo\mybatis-demo\target\classes started by Administrator in E:\3.git_workspace\Mybatis_demo\mybatis-demo)
2019-06-29 19:26:46.077 DEBUG 9116 --- [restartedMain] com.wg.demo.MybatisApplication           : Running with Spring Boot v2.1.2.RELEASE, Spring v5.1.4.RELEASE
2019-06-29 19:26:46.079  INFO 9116 --- [restartedMain] com.wg.demo.MybatisApplication           : No active profile set, falling back to default profiles: default
2019-06-29 19:26:46.145  INFO 9116 --- [restartedMain] .e.DevToolsPropertyDefaultsPostProcessor : Devtools property defaults active! Set 'spring.devtools.add-properties' to 'false' to disable
2019-06-29 19:26:46.145  INFO 9116 --- [restartedMain] .e.DevToolsPropertyDefaultsPostProcessor : For additional web related logging consider setting the 'logging.level.web' property to 'DEBUG'
2019-06-29 19:26:47.456  INFO 9116 --- [restartedMain] trationDelegate$BeanPostProcessorChecker : Bean 'org.springframework.transaction.annotation.ProxyTransactionManagementConfiguration' of type [org.springframework.transaction.annotation.ProxyTransactionManagementConfiguration$$EnhancerBySpringCGLIB$$7d7fb7f7] is not eligible for getting processed by all BeanPostProcessors (for example: not eligible for auto-proxying)
2019-06-29 19:26:48.035  INFO 9116 --- [restartedMain] o.s.b.w.embedded.tomcat.TomcatWebServer  : Tomcat initialized with port(s): 9292 (http)
2019-06-29 19:26:48.059  INFO 9116 --- [restartedMain] o.apache.catalina.core.StandardService   : Starting service [Tomcat]
2019-06-29 19:26:48.060  INFO 9116 --- [restartedMain] org.apache.catalina.core.StandardEngine  : Starting Servlet engine: [Apache Tomcat/9.0.14]
2019-06-29 19:26:48.068  INFO 9116 --- [restartedMain] o.a.catalina.core.AprLifecycleListener   : An older version [1.2.17] of the APR based Apache Tomcat Native library is installed, while Tomcat recommends a minimum version of [1.2.19]
2019-06-29 19:26:48.068  INFO 9116 --- [restartedMain] o.a.catalina.core.AprLifecycleListener   : Loaded APR based Apache Tomcat Native library [1.2.17] using APR version [1.6.3].
2019-06-29 19:26:48.068  INFO 9116 --- [restartedMain] o.a.catalina.core.AprLifecycleListener   : APR capabilities: IPv6 [true], sendfile [true], accept filters [false], random [true].
2019-06-29 19:26:48.069  INFO 9116 --- [restartedMain] o.a.catalina.core.AprLifecycleListener   : APR/OpenSSL configuration: useAprConnector [false], useOpenSSL [true]
2019-06-29 19:26:49.106  INFO 9116 --- [restartedMain] o.a.catalina.core.AprLifecycleListener   : OpenSSL successfully initialized [OpenSSL 1.0.2o  27 Mar 2018]
2019-06-29 19:26:49.362  INFO 9116 --- [restartedMain] o.a.c.c.C.[.[localhost].[/mybatis]       : Initializing Spring embedded WebApplicationContext
2019-06-29 19:26:49.363  INFO 9116 --- [restartedMain] o.s.web.context.ContextLoader            : Root WebApplicationContext: initialization completed in 3218 ms
2019-06-29 19:26:50.601  INFO 9116 --- [restartedMain] o.s.s.concurrent.ThreadPoolTaskExecutor  : Initializing ExecutorService 'applicationTaskExecutor'
2019-06-29 19:26:50.697  INFO 9116 --- [restartedMain] o.s.b.d.a.OptionalLiveReloadServer       : LiveReload server is running on port 35729
2019-06-29 19:26:50.830  WARN 9116 --- [restartedMain] ion$DefaultTemplateResolverConfiguration : Cannot find template location: classpath:/templates/ (please add some templates or check your Thymeleaf configuration)
2019-06-29 19:26:51.395  INFO 9116 --- [restartedMain] d.s.w.p.DocumentationPluginsBootstrapper : Context refreshed
2019-06-29 19:26:51.407  INFO 9116 --- [restartedMain] d.s.w.p.DocumentationPluginsBootstrapper : Found 1 custom documentation plugin(s)
2019-06-29 19:26:51.420  INFO 9116 --- [restartedMain] s.d.s.w.s.ApiListingReferenceScanner     : Scanning for api listing references
2019-06-29 19:26:51.602  INFO 9116 --- [restartedMain] o.s.b.w.embedded.tomcat.TomcatWebServer  : Tomcat started on port(s): 9292 (http) with context path '/mybatis'
2019-06-29 19:26:51.607  INFO 9116 --- [restartedMain] com.wg.demo.MybatisApplication           : Started MybatisApplication in 6.396 seconds (JVM running for 7.427)
2019-06-29 19:26:54.573  INFO 9116 --- [http-nio-9292-exec-1] o.a.c.c.C.[.[localhost].[/mybatis]       : Initializing Spring DispatcherServlet 'dispatcherServlet'
2019-06-29 19:26:54.574  INFO 9116 --- [http-nio-9292-exec-1] o.s.web.servlet.DispatcherServlet        : Initializing Servlet 'dispatcherServlet'
2019-06-29 19:26:54.594  INFO 9116 --- [http-nio-9292-exec-1] o.s.web.servlet.DispatcherServlet        : Completed initialization in 20 ms
2019-06-29 19:26:54.662  INFO 9116 --- [http-nio-9292-exec-1] com.wg.demo.common.aop.LogAspect         : Request : {url='http://localhost:9292/mybatis/dept/new', ip='0:0:0:0:0:0:0:1', classMethod='com.wg.demo.controller.DepartmentController.newDepartment', args=[com.wg.demo.po.Department@7f29866f]}
2019-06-29 19:26:54.662  INFO 9116 --- [http-nio-9292-exec-1] com.wg.demo.common.aop.LogAspect         : request Param: [com.wg.demo.po.Department@7f29866f]
2019-06-29 19:26:54.682  INFO 9116 --- [http-nio-9292-exec-1] com.zaxxer.hikari.HikariDataSource       : HikariPool-1 - Starting...
2019-06-29 19:26:54.790  INFO 9116 --- [http-nio-9292-exec-1] com.zaxxer.hikari.HikariDataSource       : HikariPool-1 - Start completed.
2019-06-29 19:26:54.797 DEBUG 9116 --- [http-nio-9292-exec-1] c.w.d.dao.DepartmentMapper.insertAutoId  : ==>  Preparing: insert into department (id,dept_name, descr,create_time) values (?, ?, ?, ?) 
2019-06-29 19:26:54.824 DEBUG 9116 --- [http-nio-9292-exec-1] c.w.d.dao.DepartmentMapper.insertAutoId  : ==> Parameters: 329704232621199360(Long), 市场部(String), 市场一部(String), 2019-06-29 19:17:21.856(Timestamp)
2019-06-29 19:26:54.829 DEBUG 9116 --- [http-nio-9292-exec-1] c.w.d.dao.DepartmentMapper.insertAutoId  : <==    Updates: 1
2019-06-29 19:26:54.841  INFO 9116 --- [http-nio-9292-exec-1] com.wg.demo.common.aop.LogAspect         : Result : ResultMsg{result='SUCCESS', resultCode=200, resultMsg='null', data=1}
2019-06-29 19:26:54.842  INFO 9116 --- [http-nio-9292-exec-1] com.wg.demo.common.aop.HttpAspect        : 方法的返回值 : ResultMsg{result='SUCCESS', resultCode=200, resultMsg='null', data=1}
2019-06-29 19:26:54.842  INFO 9116 --- [http-nio-9292-exec-1] com.wg.demo.common.aop.HttpAspect        : ------------------请求结束------------------
2019-06-29 19:40:29.139  INFO 8172 --- [restartedMain] com.wg.demo.MybatisApplication           : Starting MybatisApplication on SKY-20181007TQW with PID 8172 (E:\3.git_workspace\Mybatis_demo\mybatis-demo\target\classes started by Administrator in E:\3.git_workspace\Mybatis_demo\mybatis-demo)
2019-06-29 19:40:29.143 DEBUG 8172 --- [restartedMain] com.wg.demo.MybatisApplication           : Running with Spring Boot v2.1.2.RELEASE, Spring v5.1.4.RELEASE
2019-06-29 19:40:29.144  INFO 8172 --- [restartedMain] com.wg.demo.MybatisApplication           : No active profile set, falling back to default profiles: default
2019-06-29 19:40:29.202  INFO 8172 --- [restartedMain] .e.DevToolsPropertyDefaultsPostProcessor : Devtools property defaults active! Set 'spring.devtools.add-properties' to 'false' to disable
2019-06-29 19:40:29.202  INFO 8172 --- [restartedMain] .e.DevToolsPropertyDefaultsPostProcessor : For additional web related logging consider setting the 'logging.level.web' property to 'DEBUG'
2019-06-29 19:40:30.587  INFO 8172 --- [restartedMain] trationDelegate$BeanPostProcessorChecker : Bean 'org.springframework.transaction.annotation.ProxyTransactionManagementConfiguration' of type [org.springframework.transaction.annotation.ProxyTransactionManagementConfiguration$$EnhancerBySpringCGLIB$$56d0335e] is not eligible for getting processed by all BeanPostProcessors (for example: not eligible for auto-proxying)
2019-06-29 19:40:31.219  INFO 8172 --- [restartedMain] o.s.b.w.embedded.tomcat.TomcatWebServer  : Tomcat initialized with port(s): 9292 (http)
2019-06-29 19:40:31.240  INFO 8172 --- [restartedMain] o.apache.catalina.core.StandardService   : Starting service [Tomcat]
2019-06-29 19:40:31.240  INFO 8172 --- [restartedMain] org.apache.catalina.core.StandardEngine  : Starting Servlet engine: [Apache Tomcat/9.0.14]
2019-06-29 19:40:31.247  INFO 8172 --- [restartedMain] o.a.catalina.core.AprLifecycleListener   : An older version [1.2.17] of the APR based Apache Tomcat Native library is installed, while Tomcat recommends a minimum version of [1.2.19]
2019-06-29 19:40:31.247  INFO 8172 --- [restartedMain] o.a.catalina.core.AprLifecycleListener   : Loaded APR based Apache Tomcat Native library [1.2.17] using APR version [1.6.3].
2019-06-29 19:40:31.247  INFO 8172 --- [restartedMain] o.a.catalina.core.AprLifecycleListener   : APR capabilities: IPv6 [true], sendfile [true], accept filters [false], random [true].
2019-06-29 19:40:31.247  INFO 8172 --- [restartedMain] o.a.catalina.core.AprLifecycleListener   : APR/OpenSSL configuration: useAprConnector [false], useOpenSSL [true]
2019-06-29 19:40:32.283  INFO 8172 --- [restartedMain] o.a.catalina.core.AprLifecycleListener   : OpenSSL successfully initialized [OpenSSL 1.0.2o  27 Mar 2018]
2019-06-29 19:40:32.525  INFO 8172 --- [restartedMain] o.a.c.c.C.[.[localhost].[/mybatis]       : Initializing Spring embedded WebApplicationContext
2019-06-29 19:40:32.525  INFO 8172 --- [restartedMain] o.s.web.context.ContextLoader            : Root WebApplicationContext: initialization completed in 3323 ms
2019-06-29 19:40:33.829  INFO 8172 --- [restartedMain] o.s.s.concurrent.ThreadPoolTaskExecutor  : Initializing ExecutorService 'applicationTaskExecutor'
2019-06-29 19:40:33.927  INFO 8172 --- [restartedMain] o.s.b.d.a.OptionalLiveReloadServer       : LiveReload server is running on port 35729
2019-06-29 19:40:34.041  WARN 8172 --- [restartedMain] ion$DefaultTemplateResolverConfiguration : Cannot find template location: classpath:/templates/ (please add some templates or check your Thymeleaf configuration)
2019-06-29 19:40:34.604  INFO 8172 --- [restartedMain] d.s.w.p.DocumentationPluginsBootstrapper : Context refreshed
2019-06-29 19:40:34.617  INFO 8172 --- [restartedMain] d.s.w.p.DocumentationPluginsBootstrapper : Found 1 custom documentation plugin(s)
2019-06-29 19:40:34.630  INFO 8172 --- [restartedMain] s.d.s.w.s.ApiListingReferenceScanner     : Scanning for api listing references
2019-06-29 19:40:34.822  INFO 8172 --- [restartedMain] o.s.b.w.embedded.tomcat.TomcatWebServer  : Tomcat started on port(s): 9292 (http) with context path '/mybatis'
2019-06-29 19:40:34.827  INFO 8172 --- [restartedMain] com.wg.demo.MybatisApplication           : Started MybatisApplication in 6.634 seconds (JVM running for 8.498)
2019-06-29 19:40:37.621  INFO 8172 --- [http-nio-9292-exec-1] o.a.c.c.C.[.[localhost].[/mybatis]       : Initializing Spring DispatcherServlet 'dispatcherServlet'
2019-06-29 19:40:37.621  INFO 8172 --- [http-nio-9292-exec-1] o.s.web.servlet.DispatcherServlet        : Initializing Servlet 'dispatcherServlet'
2019-06-29 19:40:37.639  INFO 8172 --- [http-nio-9292-exec-1] o.s.web.servlet.DispatcherServlet        : Completed initialization in 18 ms
2019-06-29 19:40:37.706  INFO 8172 --- [http-nio-9292-exec-1] com.wg.demo.common.aop.LogAspect         : Request : {url='http://localhost:9292/mybatis/dept/new', ip='0:0:0:0:0:0:0:1', classMethod='com.wg.demo.controller.DepartmentController.newDepartment', args=[com.wg.demo.po.Department@396c16e8]}
2019-06-29 19:40:37.707  INFO 8172 --- [http-nio-9292-exec-1] com.wg.demo.common.aop.LogAspect         : request Param: [com.wg.demo.po.Department@396c16e8]
2019-06-29 19:40:37.729  INFO 8172 --- [http-nio-9292-exec-1] com.zaxxer.hikari.HikariDataSource       : HikariPool-1 - Starting...
2019-06-29 19:40:37.849  INFO 8172 --- [http-nio-9292-exec-1] com.zaxxer.hikari.HikariDataSource       : HikariPool-1 - Start completed.
2019-06-29 19:40:37.855 DEBUG 8172 --- [http-nio-9292-exec-1] c.w.d.dao.DepartmentMapper.insertAutoId  : ==>  Preparing: insert into department (id,dept_name, descr,create_time) values (?, ?, ?, ?) 
2019-06-29 19:40:37.881 DEBUG 8172 --- [http-nio-9292-exec-1] c.w.d.dao.DepartmentMapper.insertAutoId  : ==> Parameters: 329707684726329344(Long), 市场部(String), 市场一部(String), 2019-06-29 19:17:21.856(Timestamp)
2019-06-29 19:40:37.885 DEBUG 8172 --- [http-nio-9292-exec-1] c.w.d.dao.DepartmentMapper.insertAutoId  : <==    Updates: 1
2019-06-29 19:40:37.899  INFO 8172 --- [http-nio-9292-exec-1] com.wg.demo.common.aop.LogAspect         : Result : ResultMsg{result='SUCCESS', resultCode=200, resultMsg='null', data=1}
2019-06-29 19:40:37.899  INFO 8172 --- [http-nio-9292-exec-1] com.wg.demo.common.aop.HttpAspect        : 方法的返回值 : ResultMsg{result='SUCCESS', resultCode=200, resultMsg='null', data=1}
2019-06-29 19:40:37.899  INFO 8172 --- [http-nio-9292-exec-1] com.wg.demo.common.aop.HttpAspect        : ------------------请求结束------------------
2019-06-29 19:41:02.804  INFO 8172 --- [http-nio-9292-exec-2] com.wg.demo.common.aop.LogAspect         : Request : {url='http://localhost:9292/mybatis/dept/new', ip='0:0:0:0:0:0:0:1', classMethod='com.wg.demo.controller.DepartmentController.newDepartment', args=[com.wg.demo.po.Department@38aa5382]}
2019-06-29 19:41:02.805  INFO 8172 --- [http-nio-9292-exec-2] com.wg.demo.common.aop.LogAspect         : request Param: [com.wg.demo.po.Department@38aa5382]
2019-06-29 19:41:02.808 DEBUG 8172 --- [http-nio-9292-exec-2] c.w.d.dao.DepartmentMapper.insertAutoId  : ==>  Preparing: insert into department (id,dept_name, descr,create_time) values (?, ?, ?, ?) 
2019-06-29 19:41:02.813 DEBUG 8172 --- [http-nio-9292-exec-2] c.w.d.dao.DepartmentMapper.insertAutoId  : ==> Parameters: 329707789978193920(Long), 市场部(String), 市场一部(String), 2019-06-29 19:17:21.856(Timestamp)
2019-06-29 19:41:02.816 DEBUG 8172 --- [http-nio-9292-exec-2] c.w.d.dao.DepartmentMapper.insertAutoId  : <==    Updates: 1
2019-06-29 19:41:02.817  INFO 8172 --- [http-nio-9292-exec-2] com.wg.demo.common.aop.LogAspect         : Result : ResultMsg{result='SUCCESS', resultCode=200, resultMsg='null', data=1}
2019-06-29 19:41:02.817  INFO 8172 --- [http-nio-9292-exec-2] com.wg.demo.common.aop.HttpAspect        : 方法的返回值 : ResultMsg{result='SUCCESS', resultCode=200, resultMsg='null', data=1}
2019-06-29 19:41:02.817  INFO 8172 --- [http-nio-9292-exec-2] com.wg.demo.common.aop.HttpAspect        : ------------------请求结束------------------
2019-06-29 19:41:03.415  INFO 8172 --- [http-nio-9292-exec-3] com.wg.demo.common.aop.LogAspect         : Request : {url='http://localhost:9292/mybatis/dept/new', ip='0:0:0:0:0:0:0:1', classMethod='com.wg.demo.controller.DepartmentController.newDepartment', args=[com.wg.demo.po.Department@1557c19d]}
2019-06-29 19:41:03.416  INFO 8172 --- [http-nio-9292-exec-3] com.wg.demo.common.aop.LogAspect         : request Param: [com.wg.demo.po.Department@1557c19d]
2019-06-29 19:41:03.419 DEBUG 8172 --- [http-nio-9292-exec-3] c.w.d.dao.DepartmentMapper.insertAutoId  : ==>  Preparing: insert into department (id,dept_name, descr,create_time) values (?, ?, ?, ?) 
2019-06-29 19:41:03.421 DEBUG 8172 --- [http-nio-9292-exec-3] c.w.d.dao.DepartmentMapper.insertAutoId  : ==> Parameters: 329707792540913664(Long), 市场部(String), 市场一部(String), 2019-06-29 19:17:21.856(Timestamp)
2019-06-29 19:41:03.425 DEBUG 8172 --- [http-nio-9292-exec-3] c.w.d.dao.DepartmentMapper.insertAutoId  : <==    Updates: 1
2019-06-29 19:41:03.425  INFO 8172 --- [http-nio-9292-exec-3] com.wg.demo.common.aop.LogAspect         : Result : ResultMsg{result='SUCCESS', resultCode=200, resultMsg='null', data=1}
2019-06-29 19:41:03.425  INFO 8172 --- [http-nio-9292-exec-3] com.wg.demo.common.aop.HttpAspect        : 方法的返回值 : ResultMsg{result='SUCCESS', resultCode=200, resultMsg='null', data=1}
2019-06-29 19:41:03.425  INFO 8172 --- [http-nio-9292-exec-3] com.wg.demo.common.aop.HttpAspect        : ------------------请求结束------------------
2019-06-29 19:41:03.670  INFO 8172 --- [http-nio-9292-exec-4] com.wg.demo.common.aop.LogAspect         : Request : {url='http://localhost:9292/mybatis/dept/new', ip='0:0:0:0:0:0:0:1', classMethod='com.wg.demo.controller.DepartmentController.newDepartment', args=[com.wg.demo.po.Department@193ca48a]}
2019-06-29 19:41:03.671  INFO 8172 --- [http-nio-9292-exec-4] com.wg.demo.common.aop.LogAspect         : request Param: [com.wg.demo.po.Department@193ca48a]
2019-06-29 19:41:03.671 DEBUG 8172 --- [http-nio-9292-exec-4] c.w.d.dao.DepartmentMapper.insertAutoId  : ==>  Preparing: insert into department (id,dept_name, descr,create_time) values (?, ?, ?, ?) 
2019-06-29 19:41:03.672 DEBUG 8172 --- [http-nio-9292-exec-4] c.w.d.dao.DepartmentMapper.insertAutoId  : ==> Parameters: 329707793610461184(Long), 市场部(String), 市场一部(String), 2019-06-29 19:17:21.856(Timestamp)
2019-06-29 19:41:03.677 DEBUG 8172 --- [http-nio-9292-exec-4] c.w.d.dao.DepartmentMapper.insertAutoId  : <==    Updates: 1
2019-06-29 19:41:03.678  INFO 8172 --- [http-nio-9292-exec-4] com.wg.demo.common.aop.LogAspect         : Result : ResultMsg{result='SUCCESS', resultCode=200, resultMsg='null', data=1}
2019-06-29 19:41:03.679  INFO 8172 --- [http-nio-9292-exec-4] com.wg.demo.common.aop.HttpAspect        : 方法的返回值 : ResultMsg{result='SUCCESS', resultCode=200, resultMsg='null', data=1}
2019-06-29 19:41:03.679  INFO 8172 --- [http-nio-9292-exec-4] com.wg.demo.common.aop.HttpAspect        : ------------------请求结束------------------
2019-06-29 19:41:03.840  INFO 8172 --- [http-nio-9292-exec-5] com.wg.demo.common.aop.LogAspect         : Request : {url='http://localhost:9292/mybatis/dept/new', ip='0:0:0:0:0:0:0:1', classMethod='com.wg.demo.controller.DepartmentController.newDepartment', args=[com.wg.demo.po.Department@4e2a51be]}
2019-06-29 19:41:03.840  INFO 8172 --- [http-nio-9292-exec-5] com.wg.demo.common.aop.LogAspect         : request Param: [com.wg.demo.po.Department@4e2a51be]
2019-06-29 19:41:03.841 DEBUG 8172 --- [http-nio-9292-exec-5] c.w.d.dao.DepartmentMapper.insertAutoId  : ==>  Preparing: insert into department (id,dept_name, descr,create_time) values (?, ?, ?, ?) 
2019-06-29 19:41:03.841 DEBUG 8172 --- [http-nio-9292-exec-5] c.w.d.dao.DepartmentMapper.insertAutoId  : ==> Parameters: 329707794319298560(Long), 市场部(String), 市场一部(String), 2019-06-29 19:17:21.856(Timestamp)
2019-06-29 19:41:03.845 DEBUG 8172 --- [http-nio-9292-exec-5] c.w.d.dao.DepartmentMapper.insertAutoId  : <==    Updates: 1
2019-06-29 19:41:03.845  INFO 8172 --- [http-nio-9292-exec-5] com.wg.demo.common.aop.LogAspect         : Result : ResultMsg{result='SUCCESS', resultCode=200, resultMsg='null', data=1}
2019-06-29 19:41:03.846  INFO 8172 --- [http-nio-9292-exec-5] com.wg.demo.common.aop.HttpAspect        : 方法的返回值 : ResultMsg{result='SUCCESS', resultCode=200, resultMsg='null', data=1}
2019-06-29 19:41:03.846  INFO 8172 --- [http-nio-9292-exec-5] com.wg.demo.common.aop.HttpAspect        : ------------------请求结束------------------
2019-06-29 19:41:04.040  INFO 8172 --- [http-nio-9292-exec-6] com.wg.demo.common.aop.LogAspect         : Request : {url='http://localhost:9292/mybatis/dept/new', ip='0:0:0:0:0:0:0:1', classMethod='com.wg.demo.controller.DepartmentController.newDepartment', args=[com.wg.demo.po.Department@435fda9d]}
2019-06-29 19:41:04.041  INFO 8172 --- [http-nio-9292-exec-6] com.wg.demo.common.aop.LogAspect         : request Param: [com.wg.demo.po.Department@435fda9d]
2019-06-29 19:41:04.042 DEBUG 8172 --- [http-nio-9292-exec-6] c.w.d.dao.DepartmentMapper.insertAutoId  : ==>  Preparing: insert into department (id,dept_name, descr,create_time) values (?, ?, ?, ?) 
2019-06-29 19:41:04.044 DEBUG 8172 --- [http-nio-9292-exec-6] c.w.d.dao.DepartmentMapper.insertAutoId  : ==> Parameters: 329707795162353664(Long), 市场部(String), 市场一部(String), 2019-06-29 19:17:21.856(Timestamp)
2019-06-29 19:41:04.049 DEBUG 8172 --- [http-nio-9292-exec-6] c.w.d.dao.DepartmentMapper.insertAutoId  : <==    Updates: 1
2019-06-29 19:41:04.050  INFO 8172 --- [http-nio-9292-exec-6] com.wg.demo.common.aop.LogAspect         : Result : ResultMsg{result='SUCCESS', resultCode=200, resultMsg='null', data=1}
2019-06-29 19:41:04.051  INFO 8172 --- [http-nio-9292-exec-6] com.wg.demo.common.aop.HttpAspect        : 方法的返回值 : ResultMsg{result='SUCCESS', resultCode=200, resultMsg='null', data=1}
2019-06-29 19:41:04.051  INFO 8172 --- [http-nio-9292-exec-6] com.wg.demo.common.aop.HttpAspect        : ------------------请求结束------------------
2019-06-29 19:41:04.227  INFO 8172 --- [http-nio-9292-exec-7] com.wg.demo.common.aop.LogAspect         : Request : {url='http://localhost:9292/mybatis/dept/new', ip='0:0:0:0:0:0:0:1', classMethod='com.wg.demo.controller.DepartmentController.newDepartment', args=[com.wg.demo.po.Department@5c717e6e]}
2019-06-29 19:41:04.227  INFO 8172 --- [http-nio-9292-exec-7] com.wg.demo.common.aop.LogAspect         : request Param: [com.wg.demo.po.Department@5c717e6e]
2019-06-29 19:41:04.228 DEBUG 8172 --- [http-nio-9292-exec-7] c.w.d.dao.DepartmentMapper.insertAutoId  : ==>  Preparing: insert into department (id,dept_name, descr,create_time) values (?, ?, ?, ?) 
2019-06-29 19:41:04.229 DEBUG 8172 --- [http-nio-9292-exec-7] c.w.d.dao.DepartmentMapper.insertAutoId  : ==> Parameters: 329707795946688512(Long), 市场部(String), 市场一部(String), 2019-06-29 19:17:21.856(Timestamp)
2019-06-29 19:41:04.233 DEBUG 8172 --- [http-nio-9292-exec-7] c.w.d.dao.DepartmentMapper.insertAutoId  : <==    Updates: 1
2019-06-29 19:41:04.234  INFO 8172 --- [http-nio-9292-exec-7] com.wg.demo.common.aop.LogAspect         : Result : ResultMsg{result='SUCCESS', resultCode=200, resultMsg='null', data=1}
2019-06-29 19:41:04.234  INFO 8172 --- [http-nio-9292-exec-7] com.wg.demo.common.aop.HttpAspect        : 方法的返回值 : ResultMsg{result='SUCCESS', resultCode=200, resultMsg='null', data=1}
2019-06-29 19:41:04.234  INFO 8172 --- [http-nio-9292-exec-7] com.wg.demo.common.aop.HttpAspect        : ------------------请求结束------------------
2019-06-29 19:41:04.401  INFO 8172 --- [http-nio-9292-exec-8] com.wg.demo.common.aop.LogAspect         : Request : {url='http://localhost:9292/mybatis/dept/new', ip='0:0:0:0:0:0:0:1', classMethod='com.wg.demo.controller.DepartmentController.newDepartment', args=[com.wg.demo.po.Department@1bb888fb]}
2019-06-29 19:41:04.401  INFO 8172 --- [http-nio-9292-exec-8] com.wg.demo.common.aop.LogAspect         : request Param: [com.wg.demo.po.Department@1bb888fb]
2019-06-29 19:41:04.401 DEBUG 8172 --- [http-nio-9292-exec-8] c.w.d.dao.DepartmentMapper.insertAutoId  : ==>  Preparing: insert into department (id,dept_name, descr,create_time) values (?, ?, ?, ?) 
2019-06-29 19:41:04.402 DEBUG 8172 --- [http-nio-9292-exec-8] c.w.d.dao.DepartmentMapper.insertAutoId  : ==> Parameters: 329707796672303104(Long), 市场部(String), 市场一部(String), 2019-06-29 19:17:21.856(Timestamp)
2019-06-29 19:41:04.405 DEBUG 8172 --- [http-nio-9292-exec-8] c.w.d.dao.DepartmentMapper.insertAutoId  : <==    Updates: 1
2019-06-29 19:41:04.406  INFO 8172 --- [http-nio-9292-exec-8] com.wg.demo.common.aop.LogAspect         : Result : ResultMsg{result='SUCCESS', resultCode=200, resultMsg='null', data=1}
2019-06-29 19:41:04.406  INFO 8172 --- [http-nio-9292-exec-8] com.wg.demo.common.aop.HttpAspect        : 方法的返回值 : ResultMsg{result='SUCCESS', resultCode=200, resultMsg='null', data=1}
2019-06-29 19:41:04.406  INFO 8172 --- [http-nio-9292-exec-8] com.wg.demo.common.aop.HttpAspect        : ------------------请求结束------------------
2019-06-29 20:01:30.557  INFO 8712 --- [restartedMain] com.wg.demo.MybatisApplication           : Starting MybatisApplication on SKY-20181007TQW with PID 8712 (started by Administrator in E:\3.git_workspace\Mybatis_demo\mybatis-demo获取自增主键)
2019-06-29 20:01:30.561 DEBUG 8712 --- [restartedMain] com.wg.demo.MybatisApplication           : Running with Spring Boot v2.1.2.RELEASE, Spring v5.1.4.RELEASE
2019-06-29 20:01:30.562  INFO 8712 --- [restartedMain] com.wg.demo.MybatisApplication           : No active profile set, falling back to default profiles: default
2019-06-29 20:01:30.702  INFO 8712 --- [restartedMain] .e.DevToolsPropertyDefaultsPostProcessor : Devtools property defaults active! Set 'spring.devtools.add-properties' to 'false' to disable
2019-06-29 20:01:30.703  INFO 8712 --- [restartedMain] .e.DevToolsPropertyDefaultsPostProcessor : For additional web related logging consider setting the 'logging.level.web' property to 'DEBUG'
2019-06-29 20:01:32.009  INFO 8712 --- [restartedMain] trationDelegate$BeanPostProcessorChecker : Bean 'org.springframework.transaction.annotation.ProxyTransactionManagementConfiguration' of type [org.springframework.transaction.annotation.ProxyTransactionManagementConfiguration$$EnhancerBySpringCGLIB$$f0595d96] is not eligible for getting processed by all BeanPostProcessors (for example: not eligible for auto-proxying)
2019-06-29 20:01:32.609  INFO 8712 --- [restartedMain] o.s.b.w.embedded.tomcat.TomcatWebServer  : Tomcat initialized with port(s): 9292 (http)
2019-06-29 20:01:32.639  INFO 8712 --- [restartedMain] o.apache.catalina.core.StandardService   : Starting service [Tomcat]
2019-06-29 20:01:32.639  INFO 8712 --- [restartedMain] org.apache.catalina.core.StandardEngine  : Starting Servlet engine: [Apache Tomcat/9.0.14]
2019-06-29 20:01:32.647  INFO 8712 --- [restartedMain] o.a.catalina.core.AprLifecycleListener   : An older version [1.2.17] of the APR based Apache Tomcat Native library is installed, while Tomcat recommends a minimum version of [1.2.19]
2019-06-29 20:01:32.647  INFO 8712 --- [restartedMain] o.a.catalina.core.AprLifecycleListener   : Loaded APR based Apache Tomcat Native library [1.2.17] using APR version [1.6.3].
2019-06-29 20:01:32.648  INFO 8712 --- [restartedMain] o.a.catalina.core.AprLifecycleListener   : APR capabilities: IPv6 [true], sendfile [true], accept filters [false], random [true].
2019-06-29 20:01:32.648  INFO 8712 --- [restartedMain] o.a.catalina.core.AprLifecycleListener   : APR/OpenSSL configuration: useAprConnector [false], useOpenSSL [true]
2019-06-29 20:01:33.685  INFO 8712 --- [restartedMain] o.a.catalina.core.AprLifecycleListener   : OpenSSL successfully initialized [OpenSSL 1.0.2o  27 Mar 2018]
2019-06-29 20:01:33.976  INFO 8712 --- [restartedMain] o.a.c.c.C.[.[localhost].[/mybatis]       : Initializing Spring embedded WebApplicationContext
2019-06-29 20:01:33.976  INFO 8712 --- [restartedMain] o.s.web.context.ContextLoader            : Root WebApplicationContext: initialization completed in 3273 ms
2019-06-29 20:01:35.100  INFO 8712 --- [restartedMain] o.s.s.concurrent.ThreadPoolTaskExecutor  : Initializing ExecutorService 'applicationTaskExecutor'
2019-06-29 20:01:35.200  INFO 8712 --- [restartedMain] o.s.b.d.a.OptionalLiveReloadServer       : LiveReload server is running on port 35729
2019-06-29 20:01:35.315  WARN 8712 --- [restartedMain] ion$DefaultTemplateResolverConfiguration : Cannot find template location: classpath:/templates/ (please add some templates or check your Thymeleaf configuration)
2019-06-29 20:01:35.887  INFO 8712 --- [restartedMain] d.s.w.p.DocumentationPluginsBootstrapper : Context refreshed
2019-06-29 20:01:35.899  INFO 8712 --- [restartedMain] d.s.w.p.DocumentationPluginsBootstrapper : Found 1 custom documentation plugin(s)
2019-06-29 20:01:35.913  INFO 8712 --- [restartedMain] s.d.s.w.s.ApiListingReferenceScanner     : Scanning for api listing references
2019-06-29 20:01:36.094  INFO 8712 --- [restartedMain] o.s.b.w.embedded.tomcat.TomcatWebServer  : Tomcat started on port(s): 9292 (http) with context path '/mybatis'
2019-06-29 20:01:36.097  INFO 8712 --- [restartedMain] com.wg.demo.MybatisApplication           : Started MybatisApplication in 6.523 seconds (JVM running for 7.545)
2019-06-29 20:01:43.020  INFO 8712 --- [http-nio-9292-exec-1] o.a.c.c.C.[.[localhost].[/mybatis]       : Initializing Spring DispatcherServlet 'dispatcherServlet'
2019-06-29 20:01:43.020  INFO 8712 --- [http-nio-9292-exec-1] o.s.web.servlet.DispatcherServlet        : Initializing Servlet 'dispatcherServlet'
2019-06-29 20:01:43.040  INFO 8712 --- [http-nio-9292-exec-1] o.s.web.servlet.DispatcherServlet        : Completed initialization in 20 ms
2019-06-29 20:01:43.107  INFO 8712 --- [http-nio-9292-exec-1] com.wg.demo.common.aop.LogAspect         : Request : {url='http://localhost:9292/mybatis/dept/new', ip='0:0:0:0:0:0:0:1', classMethod='com.wg.demo.controller.DepartmentController.newDepartment', args=[com.wg.demo.po.Department@5551fc7a]}
2019-06-29 20:01:43.108  INFO 8712 --- [http-nio-9292-exec-1] com.wg.demo.common.aop.LogAspect         : request Param: [com.wg.demo.po.Department@5551fc7a]
2019-06-29 20:01:43.131  INFO 8712 --- [http-nio-9292-exec-1] com.zaxxer.hikari.HikariDataSource       : HikariPool-1 - Starting...
2019-06-29 20:01:43.245  INFO 8712 --- [http-nio-9292-exec-1] com.zaxxer.hikari.HikariDataSource       : HikariPool-1 - Start completed.
2019-06-29 20:01:43.250 DEBUG 8712 --- [http-nio-9292-exec-1] c.w.d.dao.DepartmentMapper.insertAutoId  : ==>  Preparing: insert into department (id,dept_name, descr,create_time) values (?, ?, ?, ?) 
2019-06-29 20:01:43.274 DEBUG 8712 --- [http-nio-9292-exec-1] c.w.d.dao.DepartmentMapper.insertAutoId  : ==> Parameters: 0(Long), 市场部(String), 市场一部(String), 2019-06-29 19:17:21.856(Timestamp)
2019-06-29 20:01:43.280 DEBUG 8712 --- [http-nio-9292-exec-1] c.w.d.dao.DepartmentMapper.insertAutoId  : <==    Updates: 1
2019-06-29 20:01:43.294  INFO 8712 --- [http-nio-9292-exec-1] com.wg.demo.common.aop.LogAspect         : Result : ResultMsg{result='SUCCESS', resultCode=200, resultMsg='null', data=com.wg.demo.po.Department@5551fc7a}
2019-06-29 20:01:43.294  INFO 8712 --- [http-nio-9292-exec-1] com.wg.demo.common.aop.HttpAspect        : 方法的返回值 : ResultMsg{result='SUCCESS', resultCode=200, resultMsg='null', data=com.wg.demo.po.Department@5551fc7a}
2019-06-29 20:01:43.294  INFO 8712 --- [http-nio-9292-exec-1] com.wg.demo.common.aop.HttpAspect        : ------------------请求结束------------------
2019-06-29 20:01:48.383  INFO 8712 --- [http-nio-9292-exec-2] com.wg.demo.common.aop.LogAspect         : Request : {url='http://localhost:9292/mybatis/dept/new', ip='0:0:0:0:0:0:0:1', classMethod='com.wg.demo.controller.DepartmentController.newDepartment', args=[com.wg.demo.po.Department@67e7095d]}
2019-06-29 20:01:48.383  INFO 8712 --- [http-nio-9292-exec-2] com.wg.demo.common.aop.LogAspect         : request Param: [com.wg.demo.po.Department@67e7095d]
2019-06-29 20:01:48.385 DEBUG 8712 --- [http-nio-9292-exec-2] c.w.d.dao.DepartmentMapper.insertAutoId  : ==>  Preparing: insert into department (id,dept_name, descr,create_time) values (?, ?, ?, ?) 
2019-06-29 20:01:48.386 DEBUG 8712 --- [http-nio-9292-exec-2] c.w.d.dao.DepartmentMapper.insertAutoId  : ==> Parameters: 0(Long), 市场部(String), 市场一部(String), 2019-06-29 19:17:21.856(Timestamp)
2019-06-29 20:01:48.462  INFO 8712 --- [http-nio-9292-exec-2] com.wg.demo.common.aop.HttpAspect        : 方法异常时执行.....
### Error updating database.  Cause: java.sql.SQLIntegrityConstraintViolationException: Duplicate entry '0' for key 'PRIMARY'
### The error may exist in file [E:\3.git_workspace\Mybatis_demo\mybatis-demo获取自增主键\target\classes\mapper\DepartmentMapper.xml]
### The error may involve com.wg.demo.dao.DepartmentMapper.insertAutoId-Inline
### The error occurred while setting parameters
### SQL: insert into department (id,dept_name, descr,create_time)     values (?, ?, ?,       ?)
### Cause: java.sql.SQLIntegrityConstraintViolationException: Duplicate entry '0' for key 'PRIMARY'
; Duplicate entry '0' for key 'PRIMARY'; nested exception is java.sql.SQLIntegrityConstraintViolationException: Duplicate entry '0' for key 'PRIMARY'
2019-06-29 20:01:48.465  INFO 8712 --- [http-nio-9292-exec-2] c.w.d.c.e.GlobalExceptionHandler         : 
### Error updating database.  Cause: java.sql.SQLIntegrityConstraintViolationException: Duplicate entry '0' for key 'PRIMARY'
### The error may exist in file [E:\3.git_workspace\Mybatis_demo\mybatis-demo获取自增主键\target\classes\mapper\DepartmentMapper.xml]
### The error may involve com.wg.demo.dao.DepartmentMapper.insertAutoId-Inline
### The error occurred while setting parameters
### SQL: insert into department (id,dept_name, descr,create_time)     values (?, ?, ?,       ?)
### Cause: java.sql.SQLIntegrityConstraintViolationException: Duplicate entry '0' for key 'PRIMARY'
; Duplicate entry '0' for key 'PRIMARY'; nested exception is java.sql.SQLIntegrityConstraintViolationException: Duplicate entry '0' for key 'PRIMARY'
2019-06-29 20:01:48.476  WARN 8712 --- [http-nio-9292-exec-2] .m.m.a.ExceptionHandlerExceptionResolver : Resolved [org.springframework.dao.DuplicateKeyException: 
### Error updating database.  Cause: java.sql.SQLIntegrityConstraintViolationException: Duplicate entry '0' for key 'PRIMARY'
### The error may exist in file [E:\3.git_workspace\Mybatis_demo\mybatis-demo获取自增主键\target\classes\mapper\DepartmentMapper.xml]
### The error may involve com.wg.demo.dao.DepartmentMapper.insertAutoId-Inline
### The error occurred while setting parameters
### SQL: insert into department (id,dept_name, descr,create_time)     values (?, ?, ?,       ?)
### Cause: java.sql.SQLIntegrityConstraintViolationException: Duplicate entry '0' for key 'PRIMARY'
; Duplicate entry '0' for key 'PRIMARY'; nested exception is java.sql.SQLIntegrityConstraintViolationException: Duplicate entry '0' for key 'PRIMARY']
2019-06-29 20:02:09.198  INFO 8712 --- [http-nio-9292-exec-3] com.wg.demo.common.aop.LogAspect         : Request : {url='http://localhost:9292/mybatis/dept/new', ip='0:0:0:0:0:0:0:1', classMethod='com.wg.demo.controller.DepartmentController.newDepartment', args=[com.wg.demo.po.Department@8bed7a2]}
2019-06-29 20:02:09.199  INFO 8712 --- [http-nio-9292-exec-3] com.wg.demo.common.aop.LogAspect         : request Param: [com.wg.demo.po.Department@8bed7a2]
2019-06-29 20:02:09.200 DEBUG 8712 --- [http-nio-9292-exec-3] c.w.d.dao.DepartmentMapper.insertAutoId  : ==>  Preparing: insert into department (id,dept_name, descr,create_time) values (?, ?, ?, ?) 
2019-06-29 20:02:09.202 DEBUG 8712 --- [http-nio-9292-exec-3] c.w.d.dao.DepartmentMapper.insertAutoId  : ==> Parameters: 0(Long), 市场部(String), 市场一部(String), 2019-06-29 19:17:21.856(Timestamp)
2019-06-29 20:02:09.210 DEBUG 8712 --- [http-nio-9292-exec-3] c.w.d.dao.DepartmentMapper.insertAutoId  : <==    Updates: 1
2019-06-29 20:02:09.213  INFO 8712 --- [http-nio-9292-exec-3] com.wg.demo.common.aop.LogAspect         : Result : ResultMsg{result='SUCCESS', resultCode=200, resultMsg='null', data=com.wg.demo.po.Department@8bed7a2}
2019-06-29 20:02:09.213  INFO 8712 --- [http-nio-9292-exec-3] com.wg.demo.common.aop.HttpAspect        : 方法的返回值 : ResultMsg{result='SUCCESS', resultCode=200, resultMsg='null', data=com.wg.demo.po.Department@8bed7a2}
2019-06-29 20:02:09.213  INFO 8712 --- [http-nio-9292-exec-3] com.wg.demo.common.aop.HttpAspect        : ------------------请求结束------------------
2019-06-29 20:02:40.376  INFO 8648 --- [restartedMain] com.wg.demo.MybatisApplication           : Starting MybatisApplication on SKY-20181007TQW with PID 8648 (started by Administrator in E:\3.git_workspace\Mybatis_demo\mybatis-demo获取自增主键)
2019-06-29 20:02:40.381 DEBUG 8648 --- [restartedMain] com.wg.demo.MybatisApplication           : Running with Spring Boot v2.1.2.RELEASE, Spring v5.1.4.RELEASE
2019-06-29 20:02:40.382  INFO 8648 --- [restartedMain] com.wg.demo.MybatisApplication           : No active profile set, falling back to default profiles: default
2019-06-29 20:02:40.429  INFO 8648 --- [restartedMain] .e.DevToolsPropertyDefaultsPostProcessor : Devtools property defaults active! Set 'spring.devtools.add-properties' to 'false' to disable
2019-06-29 20:02:40.429  INFO 8648 --- [restartedMain] .e.DevToolsPropertyDefaultsPostProcessor : For additional web related logging consider setting the 'logging.level.web' property to 'DEBUG'
2019-06-29 20:02:41.701  INFO 8648 --- [restartedMain] trationDelegate$BeanPostProcessorChecker : Bean 'org.springframework.transaction.annotation.ProxyTransactionManagementConfiguration' of type [org.springframework.transaction.annotation.ProxyTransactionManagementConfiguration$$EnhancerBySpringCGLIB$$697d640a] is not eligible for getting processed by all BeanPostProcessors (for example: not eligible for auto-proxying)
2019-06-29 20:02:42.314  INFO 8648 --- [restartedMain] o.s.b.w.embedded.tomcat.TomcatWebServer  : Tomcat initialized with port(s): 9292 (http)
2019-06-29 20:02:42.339  INFO 8648 --- [restartedMain] o.apache.catalina.core.StandardService   : Starting service [Tomcat]
2019-06-29 20:02:42.340  INFO 8648 --- [restartedMain] org.apache.catalina.core.StandardEngine  : Starting Servlet engine: [Apache Tomcat/9.0.14]
2019-06-29 20:02:42.348  INFO 8648 --- [restartedMain] o.a.catalina.core.AprLifecycleListener   : An older version [1.2.17] of the APR based Apache Tomcat Native library is installed, while Tomcat recommends a minimum version of [1.2.19]
2019-06-29 20:02:42.349  INFO 8648 --- [restartedMain] o.a.catalina.core.AprLifecycleListener   : Loaded APR based Apache Tomcat Native library [1.2.17] using APR version [1.6.3].
2019-06-29 20:02:42.349  INFO 8648 --- [restartedMain] o.a.catalina.core.AprLifecycleListener   : APR capabilities: IPv6 [true], sendfile [true], accept filters [false], random [true].
2019-06-29 20:02:42.349  INFO 8648 --- [restartedMain] o.a.catalina.core.AprLifecycleListener   : APR/OpenSSL configuration: useAprConnector [false], useOpenSSL [true]
2019-06-29 20:02:43.386  INFO 8648 --- [restartedMain] o.a.catalina.core.AprLifecycleListener   : OpenSSL successfully initialized [OpenSSL 1.0.2o  27 Mar 2018]
2019-06-29 20:02:43.658  INFO 8648 --- [restartedMain] o.a.c.c.C.[.[localhost].[/mybatis]       : Initializing Spring embedded WebApplicationContext
2019-06-29 20:02:43.658  INFO 8648 --- [restartedMain] o.s.web.context.ContextLoader            : Root WebApplicationContext: initialization completed in 3229 ms
2019-06-29 20:02:44.802  INFO 8648 --- [restartedMain] o.s.s.concurrent.ThreadPoolTaskExecutor  : Initializing ExecutorService 'applicationTaskExecutor'
2019-06-29 20:02:44.903  INFO 8648 --- [restartedMain] o.s.b.d.a.OptionalLiveReloadServer       : LiveReload server is running on port 35729
2019-06-29 20:02:45.021  WARN 8648 --- [restartedMain] ion$DefaultTemplateResolverConfiguration : Cannot find template location: classpath:/templates/ (please add some templates or check your Thymeleaf configuration)
2019-06-29 20:02:45.606  INFO 8648 --- [restartedMain] d.s.w.p.DocumentationPluginsBootstrapper : Context refreshed
2019-06-29 20:02:45.620  INFO 8648 --- [restartedMain] d.s.w.p.DocumentationPluginsBootstrapper : Found 1 custom documentation plugin(s)
2019-06-29 20:02:45.634  INFO 8648 --- [restartedMain] s.d.s.w.s.ApiListingReferenceScanner     : Scanning for api listing references
2019-06-29 20:02:45.829  INFO 8648 --- [restartedMain] o.s.b.w.embedded.tomcat.TomcatWebServer  : Tomcat started on port(s): 9292 (http) with context path '/mybatis'
2019-06-29 20:02:45.832  INFO 8648 --- [restartedMain] com.wg.demo.MybatisApplication           : Started MybatisApplication in 6.437 seconds (JVM running for 7.553)
2019-06-29 20:02:53.478  INFO 8648 --- [http-nio-9292-exec-1] o.a.c.c.C.[.[localhost].[/mybatis]       : Initializing Spring DispatcherServlet 'dispatcherServlet'
2019-06-29 20:02:53.478  INFO 8648 --- [http-nio-9292-exec-1] o.s.web.servlet.DispatcherServlet        : Initializing Servlet 'dispatcherServlet'
2019-06-29 20:02:53.496  INFO 8648 --- [http-nio-9292-exec-1] o.s.web.servlet.DispatcherServlet        : Completed initialization in 18 ms
2019-06-29 20:02:53.567  INFO 8648 --- [http-nio-9292-exec-1] com.wg.demo.common.aop.LogAspect         : Request : {url='http://localhost:9292/mybatis/dept/new', ip='0:0:0:0:0:0:0:1', classMethod='com.wg.demo.controller.DepartmentController.newDepartment', args=[com.wg.demo.po.Department@6aeab884]}
2019-06-29 20:02:53.567  INFO 8648 --- [http-nio-9292-exec-1] com.wg.demo.common.aop.LogAspect         : request Param: [com.wg.demo.po.Department@6aeab884]
2019-06-29 20:02:53.588  INFO 8648 --- [http-nio-9292-exec-1] com.zaxxer.hikari.HikariDataSource       : HikariPool-1 - Starting...
2019-06-29 20:02:53.693  INFO 8648 --- [http-nio-9292-exec-1] com.zaxxer.hikari.HikariDataSource       : HikariPool-1 - Start completed.
2019-06-29 20:02:53.701 DEBUG 8648 --- [http-nio-9292-exec-1] c.w.d.dao.DepartmentMapper.insertAutoId  : ==>  Preparing: insert into department (id,dept_name, descr,create_time) values (?, ?, ?, ?) 
2019-06-29 20:02:53.727 DEBUG 8648 --- [http-nio-9292-exec-1] c.w.d.dao.DepartmentMapper.insertAutoId  : ==> Parameters: 0(Long), 市场部(String), 市场一部(String), 2019-06-29 19:17:21.856(Timestamp)
2019-06-29 20:02:53.733 DEBUG 8648 --- [http-nio-9292-exec-1] c.w.d.dao.DepartmentMapper.insertAutoId  : <==    Updates: 1
2019-06-29 20:02:53.745  INFO 8648 --- [http-nio-9292-exec-1] com.wg.demo.common.aop.LogAspect         : Result : ResultMsg{result='SUCCESS', resultCode=200, resultMsg='null', data=com.wg.demo.po.Department@6aeab884}
2019-06-29 20:02:53.745  INFO 8648 --- [http-nio-9292-exec-1] com.wg.demo.common.aop.HttpAspect        : 方法的返回值 : ResultMsg{result='SUCCESS', resultCode=200, resultMsg='null', data=com.wg.demo.po.Department@6aeab884}
2019-06-29 20:02:53.745  INFO 8648 --- [http-nio-9292-exec-1] com.wg.demo.common.aop.HttpAspect        : ------------------请求结束------------------
2019-06-29 20:03:29.374  INFO 8648 --- [http-nio-9292-exec-2] com.wg.demo.common.aop.LogAspect         : Request : {url='http://localhost:9292/mybatis/dept/new', ip='0:0:0:0:0:0:0:1', classMethod='com.wg.demo.controller.DepartmentController.newDepartment', args=[com.wg.demo.po.Department@38aa5382]}
2019-06-29 20:03:29.374  INFO 8648 --- [http-nio-9292-exec-2] com.wg.demo.common.aop.LogAspect         : request Param: [com.wg.demo.po.Department@38aa5382]
2019-06-29 20:03:29.376 DEBUG 8648 --- [http-nio-9292-exec-2] c.w.d.dao.DepartmentMapper.insertAutoId  : ==>  Preparing: insert into department (id,dept_name, descr,create_time) values (?, ?, ?, ?) 
2019-06-29 20:03:29.377 DEBUG 8648 --- [http-nio-9292-exec-2] c.w.d.dao.DepartmentMapper.insertAutoId  : ==> Parameters: 0(Long), 市场部(String), 市场一部(String), 2019-06-29 19:17:21.856(Timestamp)
2019-06-29 20:03:29.380 DEBUG 8648 --- [http-nio-9292-exec-2] c.w.d.dao.DepartmentMapper.insertAutoId  : <==    Updates: 1
2019-06-29 20:03:29.381  INFO 8648 --- [http-nio-9292-exec-2] com.wg.demo.common.aop.LogAspect         : Result : ResultMsg{result='SUCCESS', resultCode=200, resultMsg='null', data=com.wg.demo.po.Department@38aa5382}
2019-06-29 20:03:29.381  INFO 8648 --- [http-nio-9292-exec-2] com.wg.demo.common.aop.HttpAspect        : 方法的返回值 : ResultMsg{result='SUCCESS', resultCode=200, resultMsg='null', data=com.wg.demo.po.Department@38aa5382}
2019-06-29 20:03:29.381  INFO 8648 --- [http-nio-9292-exec-2] com.wg.demo.common.aop.HttpAspect        : ------------------请求结束------------------
2019-06-29 20:04:08.905  INFO 8648 --- [http-nio-9292-exec-3] com.wg.demo.common.aop.LogAspect         : Request : {url='http://localhost:9292/mybatis/dept/new', ip='0:0:0:0:0:0:0:1', classMethod='com.wg.demo.controller.DepartmentController.newDepartment', args=[com.wg.demo.po.Department@1557c19d]}
2019-06-29 20:04:08.905  INFO 8648 --- [http-nio-9292-exec-3] com.wg.demo.common.aop.LogAspect         : request Param: [com.wg.demo.po.Department@1557c19d]
2019-06-29 20:04:08.907 DEBUG 8648 --- [http-nio-9292-exec-3] c.w.d.dao.DepartmentMapper.insertAutoId  : ==>  Preparing: insert into department (id,dept_name, descr,create_time) values (?, ?, ?, ?) 
2019-06-29 20:04:08.908 DEBUG 8648 --- [http-nio-9292-exec-3] c.w.d.dao.DepartmentMapper.insertAutoId  : ==> Parameters: 0(Long), 市场部(String), 市场一部(String), 2019-06-29 19:17:21.856(Timestamp)
2019-06-29 20:04:08.915 DEBUG 8648 --- [http-nio-9292-exec-3] c.w.d.dao.DepartmentMapper.insertAutoId  : <==    Updates: 1
2019-06-29 20:04:08.916  INFO 8648 --- [http-nio-9292-exec-3] com.wg.demo.common.aop.LogAspect         : Result : ResultMsg{result='SUCCESS', resultCode=200, resultMsg='null', data=com.wg.demo.po.Department@1557c19d}
2019-06-29 20:04:08.916  INFO 8648 --- [http-nio-9292-exec-3] com.wg.demo.common.aop.HttpAspect        : 方法的返回值 : ResultMsg{result='SUCCESS', resultCode=200, resultMsg='null', data=com.wg.demo.po.Department@1557c19d}
2019-06-29 20:04:08.916  INFO 8648 --- [http-nio-9292-exec-3] com.wg.demo.common.aop.HttpAspect        : ------------------请求结束------------------
